 
****************************************
Report : area
Design : BOOTHMUL_NBIT32
Version: S-2021.06-SP4
Date   : Fri Apr 14 12:34:43 2023
****************************************

Library(s) Used:

    NangateOpenCellLibrary (File: /home/mariagrazia.graziano/do/libnangate/NangateOpenCellLibrary_typical_ecsm.db)

Number of ports:                        61659
Number of nets:                         83201
Number of cells:                        32143
Number of combinational cells:          24304
Number of sequential cells:                 0
Number of macros/black boxes:               0
Number of buf/inv:                       5733
Number of references:                      84

Combinational area:              27210.469863
Buf/Inv area:                     3452.413994
Noncombinational area:               0.000000
Macro/Black Box area:                0.000000
Net Interconnect area:      undefined  (Wire load has zero net area)

Total cell area:                 27210.469863
Total area:                 undefined
1
